<?xml version="1.0" encoding="UTF-8"?>
<!-- Generated by org.testng.reporters.JUnitXMLReporter -->
<testsuite ignored="0" hostname="DESKTOP-46KMM98" failures="0" tests="16" name="testClass" time="26.969" errors="0" timestamp="2020-05-12T13:03:00 GMT+04:00">
  <testcase classname="lab5.ClassTest" name="Task3Abs" time="0.015"/>
  <testcase classname="lab5.ClassTest" name="Task3Abs" time="0.0"/>
  <testcase classname="lab5.ClassTest" name="Task3Abs" time="0.0"/>
  <testcase classname="lab5.ClassTest" name="Task3Abs" time="0.0"/>
  <testcase classname="lab5.ClassTest" name="Task3Abs" time="0.0"/>
  <testcase classname="lab5.ClassTest" name="Task3AssExact" time="0.0"/>
  <testcase classname="lab5.ClassTest" name="Task3AssExact" time="0.0"/>
  <testcase classname="lab5.ClassTest" name="Task3AssExact" time="0.0"/>
  <testcase classname="lab5.ClassTest" name="Task3AssExact" time="0.0"/>
  <testcase classname="lab5.ClassTest" name="Task3AssExact" time="0.0"/>
  <testcase classname="lab5.ClassTest" name="Task3FloorDiv" time="0.0"/>
  <testcase classname="lab5.ClassTest" name="Task3FloorDiv" time="0.0"/>
  <testcase classname="lab5.ClassTest" name="Task3FloorDiv" time="0.0"/>
  <testcase classname="lab5.ClassTest" name="Task3FloorDiv" time="0.0"/>
  <testcase classname="lab5.ClassTest" name="Task3FloorDiv" time="0.016"/>
  <testcase classname="lab5.ClassTest" name="first" time="3.158"/>
</testsuite> <!-- testClass -->
