<?xml version="1.0" encoding="UTF-8"?>
<testsuite xmlns:xsi="http://www.w3.org/2001/XMLSchema-instance" xsi:noNamespaceSchemaLocation="https://maven.apache.org/surefire/maven-surefire-plugin/xsd/surefire-test-report-3.0.xsd" version="3.0" name="TestSuite" time="27.801" tests="16" errors="0" skipped="0" failures="0">
  <properties>
[...]
</properties>
  <testcase name="Task3Abs" classname="lab5.ClassTest" time="0.022"/>
  <testcase name="Task3Abs" classname="lab5.ClassTest" time="0"/>
  <testcase name="Task3Abs" classname="lab5.ClassTest" time="0"/>
  <testcase name="Task3Abs" classname="lab5.ClassTest" time="0"/>
  <testcase name="Task3Abs" classname="lab5.ClassTest" time="0"/>
  <testcase name="Task3AssExact" classname="lab5.ClassTest" time="0.015"/>
  <testcase name="Task3AssExact" classname="lab5.ClassTest" time="0"/>
  <testcase name="Task3AssExact" classname="lab5.ClassTest" time="0"/>
  <testcase name="Task3AssExact" classname="lab5.ClassTest" time="0"/>
  <testcase name="Task3AssExact" classname="lab5.ClassTest" time="0"/>
  <testcase name="Task3FloorDiv" classname="lab5.ClassTest" time="0"/>
  <testcase name="Task3FloorDiv" classname="lab5.ClassTest" time="0"/>
  <testcase name="Task3FloorDiv" classname="lab5.ClassTest" time="0"/>
  <testcase name="Task3FloorDiv" classname="lab5.ClassTest" time="0"/>
  <testcase name="Task3FloorDiv" classname="lab5.ClassTest" time="0.016"/>
  <testcase name="first" classname="lab5.ClassTest" time="3.174"/>
</testsuite>