<?xml version="1.0" encoding="UTF-8"?>
<testng-results ignored="0" total="16" passed="16" failed="0" skipped="0">
  <reporter-output>
  </reporter-output>
  <suite started-at="2020-05-12T13:02:33 GMT+04:00" name="Suite1" finished-at="2020-05-12T13:03:00 GMT+04:00" duration-ms="26969">
    <groups>
    </groups>
    <test started-at="2020-05-12T13:02:33 GMT+04:00" name="testClass" finished-at="2020-05-12T13:03:00 GMT+04:00" duration-ms="26969">
      <class name="lab5.ClassTest">
        <test-method is-config="true" signature="setUp()[pri:0, instance:lab5.ClassTest@2133814f]" started-at="2020-05-12T13:02:33 GMT+04:00" name="setUp" finished-at="2020-05-12T13:02:56 GMT+04:00" duration-ms="22271" status="PASS">
          <reporter-output>
          </reporter-output>
        </test-method> <!-- setUp -->
        <test-method signature="Task3Abs(int)[pri:0, instance:lab5.ClassTest@2133814f]" started-at="2020-05-12T13:02:56 GMT+04:00" name="Task3Abs" data-provider="dataProv_Task3Abs" finished-at="2020-05-12T13:02:56 GMT+04:00" duration-ms="15" status="PASS">
          <params>
            <param index="0">
              <value>
                <![CDATA[1]]>
              </value>
            </param>
          </params>
          <reporter-output>
          </reporter-output>
        </test-method> <!-- Task3Abs -->
        <test-method signature="Task3AssExact(int, int)[pri:0, instance:lab5.ClassTest@2133814f]" started-at="2020-05-12T13:02:56 GMT+04:00" name="Task3AssExact" data-provider="dataProv_Task3AddExact" finished-at="2020-05-12T13:02:56 GMT+04:00" duration-ms="0" status="PASS">
          <params>
            <param index="0">
              <value>
                <![CDATA[999999999]]>
              </value>
            </param>
            <param index="1">
              <value>
                <![CDATA[999999999]]>
              </value>
            </param>
          </params>
          <reporter-output>
          </reporter-output>
        </test-method> <!-- Task3AssExact -->
        <test-method signature="Task3Abs(int)[pri:0, instance:lab5.ClassTest@2133814f]" started-at="2020-05-12T13:02:56 GMT+04:00" name="Task3Abs" data-provider="dataProv_Task3Abs" finished-at="2020-05-12T13:02:56 GMT+04:00" duration-ms="0" status="PASS">
          <params>
            <param index="0">
              <value>
                <![CDATA[-5]]>
              </value>
            </param>
          </params>
          <reporter-output>
          </reporter-output>
        </test-method> <!-- Task3Abs -->
        <test-method signature="Task3AssExact(int, int)[pri:0, instance:lab5.ClassTest@2133814f]" started-at="2020-05-12T13:02:56 GMT+04:00" name="Task3AssExact" data-provider="dataProv_Task3AddExact" finished-at="2020-05-12T13:02:56 GMT+04:00" duration-ms="0" status="PASS">
          <params>
            <param index="0">
              <value>
                <![CDATA[10]]>
              </value>
            </param>
            <param index="1">
              <value>
                <![CDATA[20]]>
              </value>
            </param>
          </params>
          <reporter-output>
          </reporter-output>
        </test-method> <!-- Task3AssExact -->
        <test-method signature="Task3Abs(int)[pri:0, instance:lab5.ClassTest@2133814f]" started-at="2020-05-12T13:02:56 GMT+04:00" name="Task3Abs" data-provider="dataProv_Task3Abs" finished-at="2020-05-12T13:02:56 GMT+04:00" duration-ms="0" status="PASS">
          <params>
            <param index="0">
              <value>
                <![CDATA[0]]>
              </value>
            </param>
          </params>
          <reporter-output>
          </reporter-output>
        </test-method> <!-- Task3Abs -->
        <test-method signature="Task3AssExact(int, int)[pri:0, instance:lab5.ClassTest@2133814f]" started-at="2020-05-12T13:02:56 GMT+04:00" name="Task3AssExact" data-provider="dataProv_Task3AddExact" finished-at="2020-05-12T13:02:56 GMT+04:00" duration-ms="0" status="PASS">
          <params>
            <param index="0">
              <value>
                <![CDATA[-100]]>
              </value>
            </param>
            <param index="1">
              <value>
                <![CDATA[1000]]>
              </value>
            </param>
          </params>
          <reporter-output>
          </reporter-output>
        </test-method> <!-- Task3AssExact -->
        <test-method signature="Task3Abs(int)[pri:0, instance:lab5.ClassTest@2133814f]" started-at="2020-05-12T13:02:56 GMT+04:00" name="Task3Abs" data-provider="dataProv_Task3Abs" finished-at="2020-05-12T13:02:56 GMT+04:00" duration-ms="0" status="PASS">
          <params>
            <param index="0">
              <value>
                <![CDATA[2133]]>
              </value>
            </param>
          </params>
          <reporter-output>
          </reporter-output>
        </test-method> <!-- Task3Abs -->
        <test-method signature="Task3Abs(int)[pri:0, instance:lab5.ClassTest@2133814f]" started-at="2020-05-12T13:02:56 GMT+04:00" name="Task3Abs" data-provider="dataProv_Task3Abs" finished-at="2020-05-12T13:02:56 GMT+04:00" duration-ms="0" status="PASS">
          <params>
            <param index="0">
              <value>
                <![CDATA[2020]]>
              </value>
            </param>
          </params>
          <reporter-output>
          </reporter-output>
        </test-method> <!-- Task3Abs -->
        <test-method signature="Task3AssExact(int, int)[pri:0, instance:lab5.ClassTest@2133814f]" started-at="2020-05-12T13:02:56 GMT+04:00" name="Task3AssExact" data-provider="dataProv_Task3AddExact" finished-at="2020-05-12T13:02:56 GMT+04:00" duration-ms="0" status="PASS">
          <params>
            <param index="0">
              <value>
                <![CDATA[0]]>
              </value>
            </param>
            <param index="1">
              <value>
                <![CDATA[0]]>
              </value>
            </param>
          </params>
          <reporter-output>
          </reporter-output>
        </test-method> <!-- Task3AssExact -->
        <test-method signature="Task3FloorDiv(int, int)[pri:0, instance:lab5.ClassTest@2133814f]" started-at="2020-05-12T13:02:56 GMT+04:00" name="Task3FloorDiv" data-provider="dataProv_Task3FloorDiv" finished-at="2020-05-12T13:02:56 GMT+04:00" duration-ms="0" status="PASS">
          <params>
            <param index="0">
              <value>
                <![CDATA[4]]>
              </value>
            </param>
            <param index="1">
              <value>
                <![CDATA[4]]>
              </value>
            </param>
          </params>
          <reporter-output>
          </reporter-output>
        </test-method> <!-- Task3FloorDiv -->
        <test-method signature="Task3FloorDiv(int, int)[pri:0, instance:lab5.ClassTest@2133814f]" started-at="2020-05-12T13:02:56 GMT+04:00" name="Task3FloorDiv" data-provider="dataProv_Task3FloorDiv" finished-at="2020-05-12T13:02:56 GMT+04:00" duration-ms="16" status="PASS">
          <params>
            <param index="0">
              <value>
                <![CDATA[4]]>
              </value>
            </param>
            <param index="1">
              <value>
                <![CDATA[0]]>
              </value>
            </param>
          </params>
          <reporter-output>
          </reporter-output>
        </test-method> <!-- Task3FloorDiv -->
        <test-method signature="Task3FloorDiv(int, int)[pri:0, instance:lab5.ClassTest@2133814f]" started-at="2020-05-12T13:02:56 GMT+04:00" name="Task3FloorDiv" data-provider="dataProv_Task3FloorDiv" finished-at="2020-05-12T13:02:56 GMT+04:00" duration-ms="0" status="PASS">
          <params>
            <param index="0">
              <value>
                <![CDATA[4]]>
              </value>
            </param>
            <param index="1">
              <value>
                <![CDATA[2]]>
              </value>
            </param>
          </params>
          <reporter-output>
          </reporter-output>
        </test-method> <!-- Task3FloorDiv -->
        <test-method signature="Task3FloorDiv(int, int)[pri:0, instance:lab5.ClassTest@2133814f]" started-at="2020-05-12T13:02:56 GMT+04:00" name="Task3FloorDiv" data-provider="dataProv_Task3FloorDiv" finished-at="2020-05-12T13:02:56 GMT+04:00" duration-ms="0" status="PASS">
          <params>
            <param index="0">
              <value>
                <![CDATA[4]]>
              </value>
            </param>
            <param index="1">
              <value>
                <![CDATA[3]]>
              </value>
            </param>
          </params>
          <reporter-output>
          </reporter-output>
        </test-method> <!-- Task3FloorDiv -->
        <test-method signature="Task3AssExact(int, int)[pri:0, instance:lab5.ClassTest@2133814f]" started-at="2020-05-12T13:02:56 GMT+04:00" name="Task3AssExact" data-provider="dataProv_Task3AddExact" finished-at="2020-05-12T13:02:56 GMT+04:00" duration-ms="0" status="PASS">
          <params>
            <param index="0">
              <value>
                <![CDATA[111]]>
              </value>
            </param>
            <param index="1">
              <value>
                <![CDATA[222]]>
              </value>
            </param>
          </params>
          <reporter-output>
          </reporter-output>
        </test-method> <!-- Task3AssExact -->
        <test-method signature="Task3FloorDiv(int, int)[pri:0, instance:lab5.ClassTest@2133814f]" started-at="2020-05-12T13:02:56 GMT+04:00" name="Task3FloorDiv" data-provider="dataProv_Task3FloorDiv" finished-at="2020-05-12T13:02:56 GMT+04:00" duration-ms="0" status="PASS">
          <params>
            <param index="0">
              <value>
                <![CDATA[4]]>
              </value>
            </param>
            <param index="1">
              <value>
                <![CDATA[1]]>
              </value>
            </param>
          </params>
          <reporter-output>
          </reporter-output>
        </test-method> <!-- Task3FloorDiv -->
        <test-method signature="first()[pri:0, instance:lab5.ClassTest@2133814f]" started-at="2020-05-12T13:02:56 GMT+04:00" name="first" finished-at="2020-05-12T13:02:59 GMT+04:00" duration-ms="3158" status="PASS">
          <reporter-output>
          </reporter-output>
        </test-method> <!-- first -->
        <test-method is-config="true" signature="downUp()[pri:0, instance:lab5.ClassTest@2133814f]" started-at="2020-05-12T13:02:59 GMT+04:00" name="downUp" finished-at="2020-05-12T13:03:00 GMT+04:00" duration-ms="1456" status="PASS">
          <reporter-output>
          </reporter-output>
        </test-method> <!-- downUp -->
      </class> <!-- lab5.ClassTest -->
    </test> <!-- testClass -->
  </suite> <!-- Suite1 -->
</testng-results>
